<?xml version="1.0" encoding="UTF-8"?>
<testng-results ignored="0" total="10" passed="9" failed="1" skipped="0">
  <reporter-output>
  </reporter-output>
  <suite started-at="2021-10-31T18:10:28 IST" name="Suite" finished-at="2021-10-31T18:10:56 IST" duration-ms="28260">
    <groups>
    </groups>
    <test started-at="2021-10-31T18:10:28 IST" name="Test" finished-at="2021-10-31T18:10:56 IST" duration-ms="28260">
      <class name="jbktest.UserTest">
        <test-method is-config="true" signature="BrowserSetup()[pri:0, instance:jbktest.UserTest@247310d0]" started-at="2021-10-31T18:10:37 IST" name="BrowserSetup" finished-at="2021-10-31T18:10:40 IST" duration-ms="3024" status="PASS">
          <reporter-output>
          </reporter-output>
        </test-method> <!-- BrowserSetup -->
        <test-method signature="Checktitle()[pri:0, instance:jbktest.UserTest@247310d0]" started-at="2021-10-31T18:10:40 IST" name="Checktitle" finished-at="2021-10-31T18:10:40 IST" duration-ms="7" status="PASS">
          <reporter-output>
          </reporter-output>
        </test-method> <!-- Checktitle -->
        <test-method is-config="true" signature="closeBrowser()[pri:0, instance:jbktest.UserTest@247310d0]" started-at="2021-10-31T18:10:40 IST" name="closeBrowser" finished-at="2021-10-31T18:10:40 IST" duration-ms="57" status="PASS">
          <reporter-output>
          </reporter-output>
        </test-method> <!-- closeBrowser -->
      </class> <!-- jbktest.UserTest -->
      <class name="jbktest.DashboardTest">
        <test-method is-config="true" signature="BrowserSetup()[pri:0, instance:jbktest.DashboardTest@1033576a]" started-at="2021-10-31T18:10:40 IST" name="BrowserSetup" finished-at="2021-10-31T18:10:43 IST" duration-ms="2867" status="PASS">
          <reporter-output>
          </reporter-output>
        </test-method> <!-- BrowserSetup -->
        <test-method signature="checkimage()[pri:0, instance:jbktest.DashboardTest@1033576a]" started-at="2021-10-31T18:10:43 IST" name="checkimage" finished-at="2021-10-31T18:10:43 IST" duration-ms="111" status="PASS">
          <reporter-output>
          </reporter-output>
        </test-method> <!-- checkimage -->
        <test-method is-config="true" signature="tearDown()[pri:0, instance:jbktest.DashboardTest@1033576a]" started-at="2021-10-31T18:10:43 IST" name="tearDown" finished-at="2021-10-31T18:10:43 IST" duration-ms="83" status="PASS">
          <reporter-output>
          </reporter-output>
        </test-method> <!-- tearDown -->
        <test-method is-config="true" signature="BrowserSetup()[pri:0, instance:jbktest.DashboardTest@1033576a]" started-at="2021-10-31T18:10:43 IST" name="BrowserSetup" finished-at="2021-10-31T18:10:46 IST" duration-ms="2731" status="PASS">
          <reporter-output>
          </reporter-output>
        </test-method> <!-- BrowserSetup -->
        <test-method signature="verifycourses()[pri:0, instance:jbktest.DashboardTest@1033576a]" started-at="2021-10-31T18:10:46 IST" name="verifycourses" finished-at="2021-10-31T18:10:46 IST" duration-ms="94" status="PASS">
          <reporter-output>
          </reporter-output>
        </test-method> <!-- verifycourses -->
        <test-method is-config="true" signature="tearDown()[pri:0, instance:jbktest.DashboardTest@1033576a]" started-at="2021-10-31T18:10:46 IST" name="tearDown" finished-at="2021-10-31T18:10:46 IST" duration-ms="63" status="PASS">
          <reporter-output>
          </reporter-output>
        </test-method> <!-- tearDown -->
      </class> <!-- jbktest.DashboardTest -->
      <class name="jbktest.UsefullinksTest">
        <test-method is-config="true" signature="BrowserSetup()[pri:0, instance:jbktest.UsefullinksTest@4a003cbe]" started-at="2021-10-31T18:10:46 IST" name="BrowserSetup" finished-at="2021-10-31T18:10:49 IST" duration-ms="3008" status="PASS">
          <reporter-output>
          </reporter-output>
        </test-method> <!-- BrowserSetup -->
        <test-method signature="TestcaseTitle()[pri:0, instance:jbktest.UsefullinksTest@4a003cbe]" started-at="2021-10-31T18:10:49 IST" name="TestcaseTitle" finished-at="2021-10-31T18:10:49 IST" duration-ms="7" status="PASS">
          <reporter-output>
          </reporter-output>
        </test-method> <!-- TestcaseTitle -->
        <test-method is-config="true" signature="closeBrowser()[pri:0, instance:jbktest.UsefullinksTest@4a003cbe]" started-at="2021-10-31T18:10:49 IST" name="closeBrowser" finished-at="2021-10-31T18:10:49 IST" duration-ms="64" status="PASS">
          <reporter-output>
          </reporter-output>
        </test-method> <!-- closeBrowser -->
      </class> <!-- jbktest.UsefullinksTest -->
      <class name="jbktest.LoginTest">
        <test-method is-config="true" signature="reportgen()[pri:0, instance:jbktest.LoginTest@8462f31]" started-at="2021-10-31T18:10:28 IST" name="reportgen" finished-at="2021-10-31T18:10:28 IST" duration-ms="221" status="PASS">
          <reporter-output>
          </reporter-output>
        </test-method> <!-- reportgen -->
        <test-method is-config="true" signature="BrowserSetup()[pri:0, instance:jbktest.LoginTest@8462f31]" started-at="2021-10-31T18:10:28 IST" name="BrowserSetup" finished-at="2021-10-31T18:10:31 IST" duration-ms="2595" status="PASS">
          <reporter-output>
          </reporter-output>
        </test-method> <!-- BrowserSetup -->
        <test-method signature="Handlepoup()[pri:0, instance:jbktest.LoginTest@8462f31]" started-at="2021-10-31T18:10:31 IST" name="Handlepoup" finished-at="2021-10-31T18:10:31 IST" duration-ms="631" status="PASS">
          <reporter-output>
          </reporter-output>
        </test-method> <!-- Handlepoup -->
        <test-method is-config="true" signature="closeBrowser()[pri:0, instance:jbktest.LoginTest@8462f31]" started-at="2021-10-31T18:10:31 IST" name="closeBrowser" finished-at="2021-10-31T18:10:31 IST" duration-ms="71" status="PASS">
          <reporter-output>
          </reporter-output>
        </test-method> <!-- closeBrowser -->
        <test-method is-config="true" signature="BrowserSetup()[pri:0, instance:jbktest.LoginTest@8462f31]" started-at="2021-10-31T18:10:31 IST" name="BrowserSetup" finished-at="2021-10-31T18:10:33 IST" duration-ms="1703" status="PASS">
          <reporter-output>
          </reporter-output>
        </test-method> <!-- BrowserSetup -->
        <test-method signature="NewRegister()[pri:0, instance:jbktest.LoginTest@8462f31]" started-at="2021-10-31T18:10:33 IST" name="NewRegister" finished-at="2021-10-31T18:10:33 IST" duration-ms="172" status="PASS">
          <reporter-output>
          </reporter-output>
        </test-method> <!-- NewRegister -->
        <test-method is-config="true" signature="closeBrowser()[pri:0, instance:jbktest.LoginTest@8462f31]" started-at="2021-10-31T18:10:33 IST" name="closeBrowser" finished-at="2021-10-31T18:10:33 IST" duration-ms="65" status="PASS">
          <reporter-output>
          </reporter-output>
        </test-method> <!-- closeBrowser -->
        <test-method is-config="true" signature="BrowserSetup()[pri:0, instance:jbktest.LoginTest@8462f31]" started-at="2021-10-31T18:10:33 IST" name="BrowserSetup" finished-at="2021-10-31T18:10:35 IST" duration-ms="1876" status="PASS">
          <reporter-output>
          </reporter-output>
        </test-method> <!-- BrowserSetup -->
        <test-method signature="ValidLogin()[pri:0, instance:jbktest.LoginTest@8462f31]" started-at="2021-10-31T18:10:35 IST" name="ValidLogin" finished-at="2021-10-31T18:10:35 IST" duration-ms="10" status="FAIL">
          <exception class="java.lang.AssertionError">
            <message>
              <![CDATA[expected:<JavaByKiran | Log in> but was:<JavaByKiran | Log>]]>
            </message>
            <full-stacktrace>
              <![CDATA[java.lang.AssertionError: expected:<JavaByKiran | Log in> but was:<JavaByKiran | Log>
at org.testng.AssertJUnit.assertEquals(AssertJUnit.java:115)
at org.testng.AssertJUnit.assertEquals(AssertJUnit.java:125)
at jbktest.LoginTest.ValidLogin(LoginTest.java:38)
at java.base/jdk.internal.reflect.NativeMethodAccessorImpl.invoke0(Native Method)
at java.base/jdk.internal.reflect.NativeMethodAccessorImpl.invoke(NativeMethodAccessorImpl.java:78)
at java.base/jdk.internal.reflect.DelegatingMethodAccessorImpl.invoke(DelegatingMethodAccessorImpl.java:43)
at java.base/java.lang.reflect.Method.invoke(Method.java:567)
at org.testng.internal.MethodInvocationHelper.invokeMethod(MethodInvocationHelper.java:133)
at org.testng.internal.TestInvoker.invokeMethod(TestInvoker.java:598)
at org.testng.internal.TestInvoker.invokeTestMethod(TestInvoker.java:173)
at org.testng.internal.MethodRunner.runInSequence(MethodRunner.java:46)
at org.testng.internal.TestInvoker$MethodInvocationAgent.invoke(TestInvoker.java:824)
at org.testng.internal.TestInvoker.invokeTestMethods(TestInvoker.java:146)
at org.testng.internal.TestMethodWorker.invokeTestMethods(TestMethodWorker.java:146)
at org.testng.internal.TestMethodWorker.run(TestMethodWorker.java:128)
at java.base/java.util.ArrayList.forEach(ArrayList.java:1511)
at org.testng.TestRunner.privateRun(TestRunner.java:794)
at org.testng.TestRunner.run(TestRunner.java:596)
at org.testng.SuiteRunner.runTest(SuiteRunner.java:377)
at org.testng.SuiteRunner.runSequentially(SuiteRunner.java:371)
at org.testng.SuiteRunner.privateRun(SuiteRunner.java:332)
at org.testng.SuiteRunner.run(SuiteRunner.java:276)
at org.testng.SuiteRunnerWorker.runSuite(SuiteRunnerWorker.java:53)
at org.testng.SuiteRunnerWorker.run(SuiteRunnerWorker.java:96)
at org.testng.TestNG.runSuitesSequentially(TestNG.java:1212)
at org.testng.TestNG.runSuitesLocally(TestNG.java:1134)
at org.testng.TestNG.runSuites(TestNG.java:1063)
at org.testng.TestNG.run(TestNG.java:1031)
at org.testng.remote.AbstractRemoteTestNG.run(AbstractRemoteTestNG.java:115)
at org.testng.remote.RemoteTestNG.initAndRun(RemoteTestNG.java:251)
at org.testng.remote.RemoteTestNG.main(RemoteTestNG.java:77)
]]>
            </full-stacktrace>
          </exception> <!-- java.lang.AssertionError -->
          <reporter-output>
          </reporter-output>
        </test-method> <!-- ValidLogin -->
        <test-method is-config="true" signature="closeBrowser()[pri:0, instance:jbktest.LoginTest@8462f31]" started-at="2021-10-31T18:10:35 IST" name="closeBrowser" finished-at="2021-10-31T18:10:35 IST" duration-ms="60" status="PASS">
          <reporter-output>
          </reporter-output>
        </test-method> <!-- closeBrowser -->
        <test-method is-config="true" signature="BrowserSetup()[pri:0, instance:jbktest.LoginTest@8462f31]" started-at="2021-10-31T18:10:35 IST" name="BrowserSetup" finished-at="2021-10-31T18:10:37 IST" duration-ms="1761" status="PASS">
          <reporter-output>
          </reporter-output>
        </test-method> <!-- BrowserSetup -->
        <test-method signature="checktext1()[pri:0, instance:jbktest.LoginTest@8462f31]" started-at="2021-10-31T18:10:37 IST" name="checktext1" finished-at="2021-10-31T18:10:37 IST" duration-ms="59" status="PASS">
          <reporter-output>
          </reporter-output>
        </test-method> <!-- checktext1 -->
        <test-method is-config="true" signature="closeBrowser()[pri:0, instance:jbktest.LoginTest@8462f31]" started-at="2021-10-31T18:10:37 IST" name="closeBrowser" finished-at="2021-10-31T18:10:37 IST" duration-ms="63" status="PASS">
          <reporter-output>
          </reporter-output>
        </test-method> <!-- closeBrowser -->
      </class> <!-- jbktest.LoginTest -->
      <class name="jbktest.OperatorTest">
        <test-method is-config="true" signature="Browsersetup()[pri:0, instance:jbktest.OperatorTest@4082ba93]" started-at="2021-10-31T18:10:49 IST" name="Browsersetup" finished-at="2021-10-31T18:10:52 IST" duration-ms="2977" status="PASS">
          <reporter-output>
          </reporter-output>
        </test-method> <!-- Browsersetup -->
        <test-method signature="checkTitle()[pri:0, instance:jbktest.OperatorTest@4082ba93]" started-at="2021-10-31T18:10:52 IST" name="checkTitle" finished-at="2021-10-31T18:10:52 IST" duration-ms="7" status="PASS">
          <reporter-output>
          </reporter-output>
        </test-method> <!-- checkTitle -->
        <test-method is-config="true" signature="closeBrowser()[pri:0, instance:jbktest.OperatorTest@4082ba93]" started-at="2021-10-31T18:10:52 IST" name="closeBrowser" finished-at="2021-10-31T18:10:52 IST" duration-ms="61" status="PASS">
          <reporter-output>
          </reporter-output>
        </test-method> <!-- closeBrowser -->
      </class> <!-- jbktest.OperatorTest -->
      <class name="jbktest.DownloadTest">
        <test-method is-config="true" signature="Browseropen()[pri:0, instance:jbktest.DownloadTest@17fc391b]" started-at="2021-10-31T18:10:52 IST" name="Browseropen" finished-at="2021-10-31T18:10:56 IST" duration-ms="3647" status="PASS">
          <reporter-output>
          </reporter-output>
        </test-method> <!-- Browseropen -->
        <test-method signature="checkTitle()[pri:0, instance:jbktest.DownloadTest@17fc391b]" started-at="2021-10-31T18:10:56 IST" name="checkTitle" finished-at="2021-10-31T18:10:56 IST" duration-ms="7" status="PASS">
          <reporter-output>
          </reporter-output>
        </test-method> <!-- checkTitle -->
        <test-method is-config="true" signature="closeBrowser()[pri:0, instance:jbktest.DownloadTest@17fc391b]" started-at="2021-10-31T18:10:56 IST" name="closeBrowser" finished-at="2021-10-31T18:10:56 IST" duration-ms="63" status="PASS">
          <reporter-output>
          </reporter-output>
        </test-method> <!-- closeBrowser -->
      </class> <!-- jbktest.DownloadTest -->
    </test> <!-- Test -->
  </suite> <!-- Suite -->
</testng-results>
