<html>
<head>
<title>TestNG:  Test</title>
<link href="../testng.css" rel="stylesheet" type="text/css" />
<link href="../my-testng.css" rel="stylesheet" type="text/css" />

<style type="text/css">
.log { display: none;} 
.stack-trace { display: none;} 
</style>
<script type="text/javascript">
<!--
function flip(e) {
  current = e.style.display;
  if (current == 'block') {
    e.style.display = 'none';
    return 0;
  }
  else {
    e.style.display = 'block';
    return 1;
  }
}

function toggleBox(szDivId, elem, msg1, msg2)
{
  var res = -1;  if (document.getElementById) {
    res = flip(document.getElementById(szDivId));
  }
  else if (document.all) {
    // this is the way old msie versions work
    res = flip(document.all[szDivId]);
  }
  if(elem) {
    if(res == 0) elem.innerHTML = msg1; else elem.innerHTML = msg2;
  }

}

function toggleAllBoxes() {
  if (document.getElementsByTagName) {
    d = document.getElementsByTagName('div');
    for (i = 0; i < d.length; i++) {
      if (d[i].className == 'log') {
        flip(d[i]);
      }
    }
  }
}

// -->
</script>

</head>
<body>
<h2 align='center'>Test</h2><table border='1' align="center">
<tr>
<td>Tests passed/Failed/Skipped:</td><td>9/1/0</td>
</tr><tr>
<td>Started on:</td><td>Sun Oct 31 18:10:28 IST 2021</td>
</tr>
<tr><td>Total time:</td><td>28 seconds (28260 ms)</td>
</tr><tr>
<td>Included groups:</td><td></td>
</tr><tr>
<td>Excluded groups:</td><td></td>
</tr>
</table><p/>
<small><i>(Hover the method name to see the test class name)</i></small><p/>
<table width='100%' border='1' class='invocation-failed'>
<tr><td colspan='4' align='center'><b>FAILED TESTS</b></td></tr>
<tr><td><b>Test method</b></td>
<td width="30%"><b>Exception</b></td>
<td width="10%"><b>Time (seconds)</b></td>
<td><b>Instance</b></td>
</tr>
<tr>
<td title='jbktest.LoginTest.ValidLogin()'><b>ValidLogin</b><br>Test class: jbktest.LoginTest</td>
<td><div><pre>java.lang.AssertionError: expected:&lt;JavaByKiran | Log in&gt; but was:&lt;JavaByKiran | Log&gt;
	at jbktest.LoginTest.ValidLogin(LoginTest.java:38)
	at java.base/java.util.ArrayList.forEach(ArrayList.java:1511)
... Removed 29 stack frames</pre></div><a href='#' onClick='toggleBox("stack-trace2025066647", this, "Click to show all stack frames", "Click to hide stack frames")'>Click to show all stack frames</a>
<div class='stack-trace' id='stack-trace2025066647'><pre>java.lang.AssertionError: expected:&lt;JavaByKiran | Log in&gt; but was:&lt;JavaByKiran | Log&gt;
	at org.testng.AssertJUnit.assertEquals(AssertJUnit.java:115)
	at org.testng.AssertJUnit.assertEquals(AssertJUnit.java:125)
	at jbktest.LoginTest.ValidLogin(LoginTest.java:38)
	at java.base/jdk.internal.reflect.NativeMethodAccessorImpl.invoke0(Native Method)
	at java.base/jdk.internal.reflect.NativeMethodAccessorImpl.invoke(NativeMethodAccessorImpl.java:78)
	at java.base/jdk.internal.reflect.DelegatingMethodAccessorImpl.invoke(DelegatingMethodAccessorImpl.java:43)
	at java.base/java.lang.reflect.Method.invoke(Method.java:567)
	at org.testng.internal.MethodInvocationHelper.invokeMethod(MethodInvocationHelper.java:133)
	at org.testng.internal.TestInvoker.invokeMethod(TestInvoker.java:598)
	at org.testng.internal.TestInvoker.invokeTestMethod(TestInvoker.java:173)
	at org.testng.internal.MethodRunner.runInSequence(MethodRunner.java:46)
	at org.testng.internal.TestInvoker$MethodInvocationAgent.invoke(TestInvoker.java:824)
	at org.testng.internal.TestInvoker.invokeTestMethods(TestInvoker.java:146)
	at org.testng.internal.TestMethodWorker.invokeTestMethods(TestMethodWorker.java:146)
	at org.testng.internal.TestMethodWorker.run(TestMethodWorker.java:128)
	at java.base/java.util.ArrayList.forEach(ArrayList.java:1511)
	at org.testng.TestRunner.privateRun(TestRunner.java:794)
	at org.testng.TestRunner.run(TestRunner.java:596)
	at org.testng.SuiteRunner.runTest(SuiteRunner.java:377)
	at org.testng.SuiteRunner.runSequentially(SuiteRunner.java:371)
	at org.testng.SuiteRunner.privateRun(SuiteRunner.java:332)
	at org.testng.SuiteRunner.run(SuiteRunner.java:276)
	at org.testng.SuiteRunnerWorker.runSuite(SuiteRunnerWorker.java:53)
	at org.testng.SuiteRunnerWorker.run(SuiteRunnerWorker.java:96)
	at org.testng.TestNG.runSuitesSequentially(TestNG.java:1212)
	at org.testng.TestNG.runSuitesLocally(TestNG.java:1134)
	at org.testng.TestNG.runSuites(TestNG.java:1063)
	at org.testng.TestNG.run(TestNG.java:1031)
	at org.testng.remote.AbstractRemoteTestNG.run(AbstractRemoteTestNG.java:115)
	at org.testng.remote.RemoteTestNG.initAndRun(RemoteTestNG.java:251)
	at org.testng.remote.RemoteTestNG.main(RemoteTestNG.java:77)
</pre></div></td>
<td>0</td>
<td>jbktest.LoginTest@8462f31</td></tr>
</table><p>
<table width='100%' border='1' class='invocation-passed'>
<tr><td colspan='4' align='center'><b>PASSED TESTS</b></td></tr>
<tr><td><b>Test method</b></td>
<td width="30%"><b>Exception</b></td>
<td width="10%"><b>Time (seconds)</b></td>
<td><b>Instance</b></td>
</tr>
<tr>
<td title='jbktest.LoginTest.NewRegister()'><b>NewRegister</b><br>Test class: jbktest.LoginTest</td>
<td></td>
<td>0</td>
<td>jbktest.LoginTest@8462f31</td></tr>
<tr>
<td title='jbktest.UsefullinksTest.TestcaseTitle()'><b>TestcaseTitle</b><br>Test class: jbktest.UsefullinksTest</td>
<td></td>
<td>0</td>
<td>jbktest.UsefullinksTest@4a003cbe</td></tr>
<tr>
<td title='jbktest.OperatorTest.checkTitle()'><b>checkTitle</b><br>Test class: jbktest.OperatorTest</td>
<td></td>
<td>0</td>
<td>jbktest.OperatorTest@4082ba93</td></tr>
<tr>
<td title='jbktest.DashboardTest.verifycourses()'><b>verifycourses</b><br>Test class: jbktest.DashboardTest</td>
<td></td>
<td>0</td>
<td>jbktest.DashboardTest@1033576a</td></tr>
<tr>
<td title='jbktest.UserTest.Checktitle()'><b>Checktitle</b><br>Test class: jbktest.UserTest</td>
<td></td>
<td>0</td>
<td>jbktest.UserTest@247310d0</td></tr>
<tr>
<td title='jbktest.DownloadTest.checkTitle()'><b>checkTitle</b><br>Test class: jbktest.DownloadTest</td>
<td></td>
<td>0</td>
<td>jbktest.DownloadTest@17fc391b</td></tr>
<tr>
<td title='jbktest.DashboardTest.checkimage()'><b>checkimage</b><br>Test class: jbktest.DashboardTest</td>
<td></td>
<td>0</td>
<td>jbktest.DashboardTest@1033576a</td></tr>
<tr>
<td title='jbktest.LoginTest.Handlepoup()'><b>Handlepoup</b><br>Test class: jbktest.LoginTest</td>
<td></td>
<td>0</td>
<td>jbktest.LoginTest@8462f31</td></tr>
<tr>
<td title='jbktest.LoginTest.checktext1()'><b>checktext1</b><br>Test class: jbktest.LoginTest</td>
<td></td>
<td>0</td>
<td>jbktest.LoginTest@8462f31</td></tr>
</table><p>
</body>
</html>